<?xml version="1.0" encoding="UTF-8"?>
<!-- Generated by org.testng.reporters.JUnitReportReporter -->
<testsuite hostname="DESKTOP-CRROM10" failures="0" tests="1" name="API_Test" time="5.897" errors="0" timestamp="2022-02-22T21:07:27 EET" skipped="0">
  <testcase classname="API_Test" name="method" time="5.897"/>
  <system-out/>
</testsuite> <!-- API_Test -->
